2018-12-28 16:11:08 JakartaCommonsLoggingImpl.java DEBUG Logging initialized using 'org.mybatis.generator.logging.commons.JakartaCommonsLoggingLogFactory@21a06946' adapter.
  2018-12-28 16:11:08 JakartaCommonsLoggingImpl.java DEBUG Retrieving column information for table "course_arrangement"
  2018-12-28 16:11:08 JakartaCommonsLoggingImpl.java DEBUG Found column "id", data type 4, in table "sheji..course_arrangement"
  2018-12-28 16:11:08 JakartaCommonsLoggingImpl.java DEBUG Found column "cid", data type 12, in table "sheji..course_arrangement"
  2018-12-28 16:11:08 JakartaCommonsLoggingImpl.java DEBUG Found column "course_name", data type 12, in table "sheji..course_arrangement"
  2018-12-28 16:11:08 JakartaCommonsLoggingImpl.java DEBUG Found column "course_hour", data type 4, in table "sheji..course_arrangement"
  2018-12-28 16:11:08 JakartaCommonsLoggingImpl.java DEBUG Found column "start_time", data type 93, in table "sheji..course_arrangement"
  2018-12-28 16:11:08 JakartaCommonsLoggingImpl.java DEBUG Found column "profession", data type 12, in table "sheji..course_arrangement"
  2018-12-28 16:11:08 JakartaCommonsLoggingImpl.java DEBUG Found column "teacher", data type 12, in table "sheji..course_arrangement"
  2018-12-28 16:11:08 JakartaCommonsLoggingImpl.java DEBUG Found column "semester", data type 4, in table "sheji..course_arrangement"
  2018-12-28 16:11:08 JakartaCommonsLoggingImpl.java DEBUG Found column "instruction", data type 12, in table "sheji..course_arrangement"
  2018-12-29 15:59:18 JakartaCommonsLoggingImpl.java DEBUG Logging initialized using 'org.mybatis.generator.logging.commons.JakartaCommonsLoggingLogFactory@21a06946' adapter.
  2018-12-29 15:59:18 JakartaCommonsLoggingImpl.java DEBUG Retrieving column information for table "course_arrangement"
  2018-12-29 15:59:18 JakartaCommonsLoggingImpl.java DEBUG Found column "id", data type 4, in table "sheji..course_arrangement"
  2018-12-29 15:59:18 JakartaCommonsLoggingImpl.java DEBUG Found column "cid", data type 12, in table "sheji..course_arrangement"
  2018-12-29 15:59:18 JakartaCommonsLoggingImpl.java DEBUG Found column "course_name", data type 12, in table "sheji..course_arrangement"
  2018-12-29 15:59:18 JakartaCommonsLoggingImpl.java DEBUG Found column "course_hour", data type 4, in table "sheji..course_arrangement"
  2018-12-29 15:59:18 JakartaCommonsLoggingImpl.java DEBUG Found column "start_time", data type 12, in table "sheji..course_arrangement"
  2018-12-29 15:59:18 JakartaCommonsLoggingImpl.java DEBUG Found column "profession", data type 12, in table "sheji..course_arrangement"
  2018-12-29 15:59:18 JakartaCommonsLoggingImpl.java DEBUG Found column "teacher", data type 12, in table "sheji..course_arrangement"
  2018-12-29 15:59:18 JakartaCommonsLoggingImpl.java DEBUG Found column "semester", data type 4, in table "sheji..course_arrangement"
  2018-12-29 15:59:18 JakartaCommonsLoggingImpl.java DEBUG Found column "instruction", data type 12, in table "sheji..course_arrangement"
  2018-12-29 15:59:18 JakartaCommonsLoggingImpl.java DEBUG Found column "creator", data type 12, in table "sheji..course_arrangement"
  2018-12-29 15:59:18 JakartaCommonsLoggingImpl.java DEBUG Found column "gmt_create", data type 93, in table "sheji..course_arrangement"
  